<?xml version="1.0" encoding="UTF-8"?>
<testsuite name="com.david.vehicleservice.unittest.VehicleServiceImplTests" tests="5" skipped="0" failures="0" errors="0" timestamp="2023-11-17T22:27:17" hostname="DAVID" time="0.389">
  <properties/>
  <testcase name="testFindAll()" classname="com.david.vehicleservice.unittest.VehicleServiceImplTests" time="0.105"/>
  <testcase name="testFindByIdWithNonExistingVehicle()" classname="com.david.vehicleservice.unittest.VehicleServiceImplTests" time="0.004"/>
  <testcase name="testFindById()" classname="com.david.vehicleservice.unittest.VehicleServiceImplTests" time="0.003"/>
  <testcase name="testSearch()" classname="com.david.vehicleservice.unittest.VehicleServiceImplTests" time="0.039"/>
  <testcase name="testSavePosition()" classname="com.david.vehicleservice.unittest.VehicleServiceImplTests" time="0.234"/>
  <system-out><![CDATA[]]></system-out>
  <system-err><![CDATA[]]></system-err>
</testsuite>
