<?xml version="1.0" encoding="UTF-8"?>
<testsuite name="com.david.vehicleservice.unittest.PositionServiceImplTests" tests="4" skipped="0" failures="0" errors="0" timestamp="2023-11-17T22:27:16" hostname="DAVID" time="0.97">
  <properties/>
  <testcase name="testFindAll()" classname="com.david.vehicleservice.unittest.PositionServiceImplTests" time="0.948"/>
  <testcase name="testFindById()" classname="com.david.vehicleservice.unittest.PositionServiceImplTests" time="0.008"/>
  <testcase name="testFindByIdWithNonExistingPosition()" classname="com.david.vehicleservice.unittest.PositionServiceImplTests" time="0.004"/>
  <testcase name="testFindPositionByDateAndVehicle()" classname="com.david.vehicleservice.unittest.PositionServiceImplTests" time="0.004"/>
  <system-out><![CDATA[]]></system-out>
  <system-err><![CDATA[WARNING: A Java agent has been loaded dynamically (C:\Users\jdavi\.gradle\caches\modules-2\files-2.1\net.bytebuddy\byte-buddy-agent\1.14.9\dfb8707031008535048bad2b69735f46d0b6c5e5\byte-buddy-agent-1.14.9.jar)
WARNING: If a serviceability tool is in use, please run with -XX:+EnableDynamicAgentLoading to hide this warning
WARNING: If a serviceability tool is not in use, please run with -Djdk.instrument.traceUsage for more information
WARNING: Dynamic loading of agents will be disallowed by default in a future release
]]></system-err>
</testsuite>
